<?xml version="1.0" encoding="UTF-8"?>
<!-- Generated by org.testng.reporters.JUnitReportReporter -->
<testsuite hostname="sss" name="com.automation.testcases.LoginTestCRM" tests="1" failures="0" timestamp="23 Oct 2020 04:35:07 GMT" time="9.632" errors="0">
  <testcase name="loginApp" time="9.632" classname="com.automation.testcases.LoginTestCRM"/>
</testsuite> <!-- com.automation.testcases.LoginTestCRM -->
